This file contains any messages produced by compilers while
running configure, to aid debugging if configure makes a mistake.

It was created by libhid configure 0.2.16.0.0, which was
generated by GNU Autoconf 2.60.  Invocation command line was

  $ ./configure 

## --------- ##
## Platform. ##
## --------- ##

hostname = cerevisiae.local
uname -m = Power Macintosh
uname -r = 8.10.0
uname -s = Darwin
uname -v = Darwin Kernel Version 8.10.0: Wed May 23 16:50:59 PDT 2007; root:xnu-792.21.3~1/RELEASE_PPC

/usr/bin/uname -p = powerpc
/bin/uname -X     = unknown

/bin/arch              = unknown
/usr/bin/arch -k       = unknown
/usr/convex/getsysinfo = unknown
/usr/bin/hostinfo      = Mach kernel version:
	 Darwin Kernel Version 8.10.0: Wed May 23 16:50:59 PDT 2007; root:xnu-792.21.3~1/RELEASE_PPC
Kernel configured for a single processor only.
1 processor is physically available.
Processor type: ppc7450 (PowerPC 7450)
Processor active: 0
Primary memory available: 1.00 gigabytes
Default processor set: 126 tasks, 416 threads, 1 processors
Load average: 2.73, Mach factor: 0.25
/bin/machine           = unknown
/usr/bin/oslevel       = unknown
/bin/universe          = unknown

PATH: /sw/bin
PATH: /sw/sbin
PATH: /usr/local/bin
PATH: /usr/local/sbin
PATH: /usr/local/pgsql/bin
PATH: /opt/local/bin
PATH: /bin
PATH: /sbin
PATH: /usr/bin
PATH: /usr/sbin
PATH: /usr/X11R6/bin


## ----------- ##
## Core tests. ##
## ----------- ##

configure:2041: checking for a BSD-compatible install
configure:2097: result: /usr/bin/install -c
configure:2108: checking whether build environment is sane
configure:2151: result: yes
configure:2216: checking for gawk
configure:2232: found /sw/bin/gawk
configure:2243: result: gawk
configure:2254: checking whether make sets $(MAKE)
configure:2275: result: yes
configure:2459: checking whether to enable maintainer-specific portions of Makefiles
configure:2468: result: no
configure:2494: checking whether to enable pedantic compiler checks
configure:2501: result: no
configure:2512: checking whether to enable proper compiler warnings
configure:2519: result: yes
configure:2530: checking whether to enable compiler warnings as errors
configure:2537: result: yes
configure:2548: checking whether to enable debugging
configure:2555: result: no
configure:2566: checking whether to enable gdb-enhanced debugging symbols
configure:2573: result: no
configure:2587: checking whether to use documentation generated by doxygen
configure:2594: result: yes
configure:2607: checking whether to enable swig python wrapper
configure:2614: result: yes
configure:2668: checking build system type
configure:2686: result: powerpc-apple-darwin8.10.0
configure:2709: checking host system type
configure:2724: result: powerpc-apple-darwin8.10.0
configure:2746: checking for target OS
configure:2790: result: Darwin and/or Mac OS X
configure:2817: checking for style of include used by make
configure:2845: result: GNU
configure:2918: checking for gcc
configure:2934: found /usr/bin/gcc
configure:2945: result: gcc
configure:3183: checking for C compiler version
configure:3190: gcc --version >&5
powerpc-apple-darwin8-gcc-4.0.1 (GCC) 4.0.1 (Apple Computer, Inc. build 5363)
Copyright (C) 2005 Free Software Foundation, Inc.
This is free software; see the source for copying conditions.  There is NO
warranty; not even for MERCHANTABILITY or FITNESS FOR A PARTICULAR PURPOSE.

configure:3193: $? = 0
configure:3200: gcc -v >&5
Using built-in specs.
Target: powerpc-apple-darwin8
Configured with: /private/var/tmp/gcc/gcc-5363.obj~28/src/configure --disable-checking -enable-werror --prefix=/usr --mandir=/share/man --enable-languages=c,objc,c++,obj-c++ --program-transform-name=/^[cg][^.-]*$/s/$/-4.0/ --with-gxx-include-dir=/include/c++/4.0.0 --with-slibdir=/usr/lib --build=powerpc-apple-darwin8 --host=powerpc-apple-darwin8 --target=powerpc-apple-darwin8
Thread model: posix
gcc version 4.0.1 (Apple Computer, Inc. build 5363)
configure:3203: $? = 0
configure:3210: gcc -V >&5
gcc: argument to `-V' is missing
configure:3213: $? = 1
configure:3236: checking for C compiler default output file name
configure:3263: gcc   -I/sw/include -I/usr/local/pgsql/include  -I/sw/lib -I/usr/local/pgsql/lib conftest.c  >&5
configure:3266: $? = 0
configure:3312: result: a.out
configure:3317: checking whether the C compiler works
configure:3327: ./a.out
configure:3330: $? = 0
configure:3347: result: yes
configure:3354: checking whether we are cross compiling
configure:3356: result: no
configure:3359: checking for suffix of executables
configure:3366: gcc -o conftest   -I/sw/include -I/usr/local/pgsql/include  -I/sw/lib -I/usr/local/pgsql/lib conftest.c  >&5
configure:3369: $? = 0
configure:3393: result: 
configure:3399: checking for suffix of object files
configure:3425: gcc -c   -I/sw/include -I/usr/local/pgsql/include conftest.c >&5
configure:3428: $? = 0
configure:3451: result: o
configure:3455: checking whether we are using the GNU C compiler
configure:3484: gcc -c   -I/sw/include -I/usr/local/pgsql/include conftest.c >&5
configure:3490: $? = 0
configure:3497: test -z "$ac_c_werror_flag" || test ! -s conftest.err
configure:3500: $? = 0
configure:3507: test -s conftest.o
configure:3510: $? = 0
configure:3524: result: yes
configure:3529: checking whether gcc accepts -g
configure:3559: gcc -c -g  -I/sw/include -I/usr/local/pgsql/include conftest.c >&5
configure:3565: $? = 0
configure:3572: test -z "$ac_c_werror_flag" || test ! -s conftest.err
configure:3575: $? = 0
configure:3582: test -s conftest.o
configure:3585: $? = 0
configure:3715: result: yes
configure:3732: checking for gcc option to accept ISO C89
configure:3806: gcc  -c -g -O2  -I/sw/include -I/usr/local/pgsql/include conftest.c >&5
configure:3812: $? = 0
configure:3819: test -z "$ac_c_werror_flag" || test ! -s conftest.err
configure:3822: $? = 0
configure:3829: test -s conftest.o
configure:3832: $? = 0
configure:3852: result: none needed
configure:3872: checking dependency style of gcc
configure:3962: result: gcc3
configure:3985: checking how to run the C preprocessor
configure:4025: gcc -E  -I/sw/include -I/usr/local/pgsql/include conftest.c
configure:4031: $? = 0
configure:4069: gcc -E  -I/sw/include -I/usr/local/pgsql/include conftest.c
conftest.c:12:28: error: ac_nonexistent.h: No such file or directory
configure:4075: $? = 1
configure: failed program was:
| /* confdefs.h.  */
| #define PACKAGE_NAME "libhid"
| #define PACKAGE_TARNAME "libhid"
| #define PACKAGE_VERSION "0.2.16.0.0"
| #define PACKAGE_STRING "libhid 0.2.16.0.0"
| #define PACKAGE_BUGREPORT "libhid-discuss@lists.alioth.debian.org"
| #define PACKAGE "libhid"
| #define VERSION "0.2.16.0.0"
| #define MD_VERSION 0.2.16
| #define OS_DARWIN
| /* end confdefs.h.  */
| #include <ac_nonexistent.h>
configure:4115: result: gcc -E
configure:4144: gcc -E  -I/sw/include -I/usr/local/pgsql/include conftest.c
configure:4150: $? = 0
configure:4188: gcc -E  -I/sw/include -I/usr/local/pgsql/include conftest.c
conftest.c:12:28: error: ac_nonexistent.h: No such file or directory
configure:4194: $? = 1
configure: failed program was:
| /* confdefs.h.  */
| #define PACKAGE_NAME "libhid"
| #define PACKAGE_TARNAME "libhid"
| #define PACKAGE_VERSION "0.2.16.0.0"
| #define PACKAGE_STRING "libhid 0.2.16.0.0"
| #define PACKAGE_BUGREPORT "libhid-discuss@lists.alioth.debian.org"
| #define PACKAGE "libhid"
| #define VERSION "0.2.16.0.0"
| #define MD_VERSION 0.2.16
| #define OS_DARWIN
| /* end confdefs.h.  */
| #include <ac_nonexistent.h>
configure:4239: checking for grep that handles long lines and -e
configure:4313: result: /usr/bin/grep
configure:4318: checking for egrep
configure:4396: result: /usr/bin/grep -E
configure:4401: checking for ANSI C header files
configure:4431: gcc -c -g -O2  -I/sw/include -I/usr/local/pgsql/include conftest.c >&5
configure:4437: $? = 0
configure:4444: test -z "$ac_c_werror_flag" || test ! -s conftest.err
configure:4447: $? = 0
configure:4454: test -s conftest.o
configure:4457: $? = 0
configure:4550: gcc -o conftest -g -O2  -I/sw/include -I/usr/local/pgsql/include  -I/sw/lib -I/usr/local/pgsql/lib conftest.c  >&5
configure:4553: $? = 0
configure:4559: ./conftest
configure:4562: $? = 0
configure:4579: result: yes
configure:4603: checking for sys/types.h
configure:4624: gcc -c -g -O2  -I/sw/include -I/usr/local/pgsql/include conftest.c >&5
configure:4630: $? = 0
configure:4637: test -z "$ac_c_werror_flag" || test ! -s conftest.err
configure:4640: $? = 0
configure:4647: test -s conftest.o
configure:4650: $? = 0
configure:4663: result: yes
configure:4603: checking for sys/stat.h
configure:4624: gcc -c -g -O2  -I/sw/include -I/usr/local/pgsql/include conftest.c >&5
configure:4630: $? = 0
configure:4637: test -z "$ac_c_werror_flag" || test ! -s conftest.err
configure:4640: $? = 0
configure:4647: test -s conftest.o
configure:4650: $? = 0
configure:4663: result: yes
configure:4603: checking for stdlib.h
configure:4624: gcc -c -g -O2  -I/sw/include -I/usr/local/pgsql/include conftest.c >&5
configure:4630: $? = 0
configure:4637: test -z "$ac_c_werror_flag" || test ! -s conftest.err
configure:4640: $? = 0
configure:4647: test -s conftest.o
configure:4650: $? = 0
configure:4663: result: yes
configure:4603: checking for string.h
configure:4624: gcc -c -g -O2  -I/sw/include -I/usr/local/pgsql/include conftest.c >&5
configure:4630: $? = 0
configure:4637: test -z "$ac_c_werror_flag" || test ! -s conftest.err
configure:4640: $? = 0
configure:4647: test -s conftest.o
configure:4650: $? = 0
configure:4663: result: yes
configure:4603: checking for memory.h
configure:4624: gcc -c -g -O2  -I/sw/include -I/usr/local/pgsql/include conftest.c >&5
configure:4630: $? = 0
configure:4637: test -z "$ac_c_werror_flag" || test ! -s conftest.err
configure:4640: $? = 0
configure:4647: test -s conftest.o
configure:4650: $? = 0
configure:4663: result: yes
configure:4603: checking for strings.h
configure:4624: gcc -c -g -O2  -I/sw/include -I/usr/local/pgsql/include conftest.c >&5
configure:4630: $? = 0
configure:4637: test -z "$ac_c_werror_flag" || test ! -s conftest.err
configure:4640: $? = 0
configure:4647: test -s conftest.o
configure:4650: $? = 0
configure:4663: result: yes
configure:4603: checking for inttypes.h
configure:4624: gcc -c -g -O2  -I/sw/include -I/usr/local/pgsql/include conftest.c >&5
configure:4630: $? = 0
configure:4637: test -z "$ac_c_werror_flag" || test ! -s conftest.err
configure:4640: $? = 0
configure:4647: test -s conftest.o
configure:4650: $? = 0
configure:4663: result: yes
configure:4603: checking for stdint.h
configure:4624: gcc -c -g -O2  -I/sw/include -I/usr/local/pgsql/include conftest.c >&5
configure:4630: $? = 0
configure:4637: test -z "$ac_c_werror_flag" || test ! -s conftest.err
configure:4640: $? = 0
configure:4647: test -s conftest.o
configure:4650: $? = 0
configure:4663: result: yes
configure:4603: checking for unistd.h
configure:4624: gcc -c -g -O2  -I/sw/include -I/usr/local/pgsql/include conftest.c >&5
configure:4630: $? = 0
configure:4637: test -z "$ac_c_werror_flag" || test ! -s conftest.err
configure:4640: $? = 0
configure:4647: test -s conftest.o
configure:4650: $? = 0
configure:4663: result: yes
configure:4691: checking usb.h usability
configure:4708: gcc -c -g -O2  -I/sw/include -I/usr/local/pgsql/include conftest.c >&5
configure:4714: $? = 0
configure:4721: test -z "$ac_c_werror_flag" || test ! -s conftest.err
configure:4724: $? = 0
configure:4731: test -s conftest.o
configure:4734: $? = 0
configure:4745: result: yes
configure:4749: checking usb.h presence
configure:4764: gcc -E  -I/sw/include -I/usr/local/pgsql/include conftest.c
configure:4770: $? = 0
configure:4791: result: yes
configure:4824: checking for usb.h
configure:4832: result: yes
configure:4966: checking for gcc
configure:4993: result: gcc
configure:5231: checking for C compiler version
configure:5238: gcc --version >&5
powerpc-apple-darwin8-gcc-4.0.1 (GCC) 4.0.1 (Apple Computer, Inc. build 5363)
Copyright (C) 2005 Free Software Foundation, Inc.
This is free software; see the source for copying conditions.  There is NO
warranty; not even for MERCHANTABILITY or FITNESS FOR A PARTICULAR PURPOSE.

configure:5241: $? = 0
configure:5248: gcc -v >&5
Using built-in specs.
Target: powerpc-apple-darwin8
Configured with: /private/var/tmp/gcc/gcc-5363.obj~28/src/configure --disable-checking -enable-werror --prefix=/usr --mandir=/share/man --enable-languages=c,objc,c++,obj-c++ --program-transform-name=/^[cg][^.-]*$/s/$/-4.0/ --with-gxx-include-dir=/include/c++/4.0.0 --with-slibdir=/usr/lib --build=powerpc-apple-darwin8 --host=powerpc-apple-darwin8 --target=powerpc-apple-darwin8
Thread model: posix
gcc version 4.0.1 (Apple Computer, Inc. build 5363)
configure:5251: $? = 0
configure:5258: gcc -V >&5
gcc: argument to `-V' is missing
configure:5261: $? = 1
configure:5264: checking whether we are using the GNU C compiler
configure:5333: result: yes
configure:5338: checking whether gcc accepts -g
configure:5524: result: yes
configure:5541: checking for gcc option to accept ISO C89
configure:5661: result: none needed
configure:5681: checking dependency style of gcc
configure:5771: result: gcc3
configure:5880: checking for a sed that does not truncate output
configure:5934: result: /usr/bin/sed
configure:5948: checking for ld used by gcc
configure:6015: result: /usr/bin/ld
configure:6024: checking if the linker (/usr/bin/ld) is GNU ld
configure:6039: result: no
configure:6044: checking for /usr/bin/ld option to reload object files
configure:6051: result: -r
configure:6069: checking for BSD-compatible nm
configure:6118: result: /usr/bin/nm -p
configure:6122: checking whether ln -s works
configure:6126: result: yes
configure:6133: checking how to recognise dependent libraries
configure:6309: result: pass_all
configure:6568: checking dlfcn.h usability
configure:6585: gcc -c -g -O2  -I/sw/include -I/usr/local/pgsql/include conftest.c >&5
configure:6591: $? = 0
configure:6598: test -z "$ac_c_werror_flag" || test ! -s conftest.err
configure:6601: $? = 0
configure:6608: test -s conftest.o
configure:6611: $? = 0
configure:6622: result: yes
configure:6626: checking dlfcn.h presence
configure:6641: gcc -E  -I/sw/include -I/usr/local/pgsql/include conftest.c
configure:6647: $? = 0
configure:6668: result: yes
configure:6701: checking for dlfcn.h
configure:6709: result: yes
configure:6780: checking for g++
configure:6796: found /usr/bin/g++
configure:6807: result: g++
configure:6838: checking for C++ compiler version
configure:6845: g++ --version >&5
powerpc-apple-darwin8-g++-4.0.1 (GCC) 4.0.1 (Apple Computer, Inc. build 5363)
Copyright (C) 2005 Free Software Foundation, Inc.
This is free software; see the source for copying conditions.  There is NO
warranty; not even for MERCHANTABILITY or FITNESS FOR A PARTICULAR PURPOSE.

configure:6848: $? = 0
configure:6855: g++ -v >&5
Using built-in specs.
Target: powerpc-apple-darwin8
Configured with: /private/var/tmp/gcc/gcc-5363.obj~28/src/configure --disable-checking -enable-werror --prefix=/usr --mandir=/share/man --enable-languages=c,objc,c++,obj-c++ --program-transform-name=/^[cg][^.-]*$/s/$/-4.0/ --with-gxx-include-dir=/include/c++/4.0.0 --with-slibdir=/usr/lib --build=powerpc-apple-darwin8 --host=powerpc-apple-darwin8 --target=powerpc-apple-darwin8
Thread model: posix
gcc version 4.0.1 (Apple Computer, Inc. build 5363)
configure:6858: $? = 0
configure:6865: g++ -V >&5
g++: argument to `-V' is missing
configure:6868: $? = 1
configure:6871: checking whether we are using the GNU C++ compiler
configure:6900: g++ -c   -I/sw/include -I/usr/local/pgsql/include conftest.cpp >&5
configure:6906: $? = 0
configure:6913: test -z "$ac_cxx_werror_flag" || test ! -s conftest.err
configure:6916: $? = 0
configure:6923: test -s conftest.o
configure:6926: $? = 0
configure:6940: result: yes
configure:6945: checking whether g++ accepts -g
configure:6975: g++ -c -g  -I/sw/include -I/usr/local/pgsql/include conftest.cpp >&5
configure:6981: $? = 0
configure:6988: test -z "$ac_cxx_werror_flag" || test ! -s conftest.err
configure:6991: $? = 0
configure:6998: test -s conftest.o
configure:7001: $? = 0
configure:7131: result: yes
configure:7156: checking dependency style of g++
configure:7246: result: gcc3
configure:7273: checking how to run the C++ preprocessor
configure:7309: g++ -E  -I/sw/include -I/usr/local/pgsql/include conftest.cpp
configure:7315: $? = 0
configure:7353: g++ -E  -I/sw/include -I/usr/local/pgsql/include conftest.cpp
conftest.cpp:24:28: error: ac_nonexistent.h: No such file or directory
configure:7359: $? = 1
configure: failed program was:
| /* confdefs.h.  */
| #define PACKAGE_NAME "libhid"
| #define PACKAGE_TARNAME "libhid"
| #define PACKAGE_VERSION "0.2.16.0.0"
| #define PACKAGE_STRING "libhid 0.2.16.0.0"
| #define PACKAGE_BUGREPORT "libhid-discuss@lists.alioth.debian.org"
| #define PACKAGE "libhid"
| #define VERSION "0.2.16.0.0"
| #define MD_VERSION 0.2.16
| #define OS_DARWIN
| #define STDC_HEADERS 1
| #define HAVE_SYS_TYPES_H 1
| #define HAVE_SYS_STAT_H 1
| #define HAVE_STDLIB_H 1
| #define HAVE_STRING_H 1
| #define HAVE_MEMORY_H 1
| #define HAVE_STRINGS_H 1
| #define HAVE_INTTYPES_H 1
| #define HAVE_STDINT_H 1
| #define HAVE_UNISTD_H 1
| #define HAVE_USB_H 1
| #define HAVE_DLFCN_H 1
| /* end confdefs.h.  */
| #include <ac_nonexistent.h>
configure:7399: result: g++ -E
configure:7428: g++ -E  -I/sw/include -I/usr/local/pgsql/include conftest.cpp
configure:7434: $? = 0
configure:7472: g++ -E  -I/sw/include -I/usr/local/pgsql/include conftest.cpp
conftest.cpp:24:28: error: ac_nonexistent.h: No such file or directory
configure:7478: $? = 1
configure: failed program was:
| /* confdefs.h.  */
| #define PACKAGE_NAME "libhid"
| #define PACKAGE_TARNAME "libhid"
| #define PACKAGE_VERSION "0.2.16.0.0"
| #define PACKAGE_STRING "libhid 0.2.16.0.0"
| #define PACKAGE_BUGREPORT "libhid-discuss@lists.alioth.debian.org"
| #define PACKAGE "libhid"
| #define VERSION "0.2.16.0.0"
| #define MD_VERSION 0.2.16
| #define OS_DARWIN
| #define STDC_HEADERS 1
| #define HAVE_SYS_TYPES_H 1
| #define HAVE_SYS_STAT_H 1
| #define HAVE_STDLIB_H 1
| #define HAVE_STRING_H 1
| #define HAVE_MEMORY_H 1
| #define HAVE_STRINGS_H 1
| #define HAVE_INTTYPES_H 1
| #define HAVE_STDINT_H 1
| #define HAVE_UNISTD_H 1
| #define HAVE_USB_H 1
| #define HAVE_DLFCN_H 1
| /* end confdefs.h.  */
| #include <ac_nonexistent.h>
configure:7578: checking for g77
configure:7594: found /sw/bin/g77
configure:7605: result: g77
configure:7635: checking for Fortran 77 compiler version
configure:7642: g77 --version >&5
GNU Fortran (GCC) 3.4.3
Copyright (C) 2004 Free Software Foundation, Inc.

GNU Fortran comes with NO WARRANTY, to the extent permitted by law.
You may redistribute copies of GNU Fortran
under the terms of the GNU General Public License.
For more information about these matters, see the file named COPYING
or type the command `info -f g77 Copying'.
configure:7645: $? = 0
configure:7652: g77 -v >&5
Reading specs from /sw/lib/gcc/powerpc-apple-darwin8.8.0/3.4.3/specs
Configured with: ../gcc-3.4.3/configure --prefix=/sw --enable-languages=f77 --infodir=/share/info --libexecdir=/lib --disable-shared
Thread model: posix
gcc version 3.4.3
configure:7655: $? = 0
configure:7662: g77 -V >&5
g77: `-V' option must have argument
configure:7665: $? = 1
configure:7673: checking whether we are using the GNU Fortran 77 compiler
configure:7692: g77 -c  conftest.F >&5
configure:7698: $? = 0
configure:7705: test -z "$ac_f77_werror_flag" || test ! -s conftest.err
configure:7708: $? = 0
configure:7715: test -s conftest.o
configure:7718: $? = 0
configure:7732: result: yes
configure:7738: checking whether g77 accepts -g
configure:7755: g77 -c -g conftest.f >&5
configure:7761: $? = 0
configure:7768: test -z "$ac_f77_werror_flag" || test ! -s conftest.err
configure:7771: $? = 0
configure:7778: test -s conftest.o
configure:7781: $? = 0
configure:7794: result: yes
configure:7824: checking the maximum length of command line arguments
configure:7933: result: 196608
configure:7944: checking command to parse /usr/bin/nm -p output from gcc object
configure:8049: gcc -c -g -O2  -I/sw/include -I/usr/local/pgsql/include conftest.c >&5
configure:8052: $? = 0
configure:8056: /usr/bin/nm -p conftest.o \| sed -n -e 's/^.*[ 	]\([BCDEGRST][BCDEGRST]*\)[ 	][ 	]*\([_A-Za-z][_A-Za-z0-9]*\)$/\1 \2 \2/p' \> conftest.nm
configure:8059: $? = 0
cannot find nm_test_var in conftest.nm
configure:8049: gcc -c -g -O2  -I/sw/include -I/usr/local/pgsql/include conftest.c >&5
configure:8052: $? = 0
configure:8056: /usr/bin/nm -p conftest.o \| sed -n -e 's/^.*[ 	]\([BCDEGRST][BCDEGRST]*\)[ 	][ 	]*_\([_A-Za-z][_A-Za-z0-9]*\)$/\1 _\2 \2/p' \> conftest.nm
configure:8059: $? = 0
configure:8111: gcc -o conftest -g -O2  -I/sw/include -I/usr/local/pgsql/include  -I/sw/lib -I/usr/local/pgsql/lib conftest.c conftstm.o >&5
configure:8114: $? = 0
configure:8152: result: ok
configure:8156: checking for objdir
configure:8171: result: .libs
configure:8263: checking for ar
configure:8279: found /usr/bin/ar
configure:8290: result: ar
configure:8359: checking for ranlib
configure:8375: found /usr/bin/ranlib
configure:8386: result: ranlib
configure:8455: checking for strip
configure:8471: found /usr/bin/strip
configure:8482: result: strip
configure:8768: checking if gcc supports -fno-rtti -fno-exceptions
configure:8789: gcc -c -g -O2  -I/sw/include -I/usr/local/pgsql/include -fno-rtti -fno-exceptions conftest.c >&5
cc1: warning: command line option "-fno-rtti" is valid for C++/ObjC++ but not for C
configure:8793: $? = 0
configure:8803: result: no
configure:8818: checking for gcc option to produce PIC
configure:9028: result: -fno-common
configure:9036: checking if gcc PIC flag -fno-common works
configure:9057: gcc -c -g -O2  -I/sw/include -I/usr/local/pgsql/include -fno-common -DPIC conftest.c >&5
configure:9061: $? = 0
configure:9071: result: yes
configure:9099: checking if gcc static flag -static works
configure:9127: result: no
configure:9137: checking if gcc supports -c -o file.o
configure:9161: gcc -c -g -O2  -I/sw/include -I/usr/local/pgsql/include -o out/conftest2.o conftest.c >&5
configure:9165: $? = 0
configure:9184: result: yes
configure:9210: checking whether the gcc linker (/usr/bin/ld) supports shared libraries
configure:10196: result: yes
configure:10263: checking dynamic linker characteristics
configure:10851: result: darwin8.10.0 dyld
configure:10860: checking how to hardcode library paths into programs
configure:10885: result: immediate
configure:10899: checking whether stripping libraries is possible
configure:10912: result: yes
configure:11817: checking if libtool supports shared libraries
configure:11819: result: yes
configure:11822: checking whether to build shared libraries
configure:11843: result: yes
configure:11846: checking whether to build static libraries
configure:11850: result: yes
configure:11942: creating libtool
configure:12530: checking for ld used by g++
configure:12597: result: /usr/bin/ld
configure:12606: checking if the linker (/usr/bin/ld) is GNU ld
configure:12621: result: no
configure:12672: checking whether the g++ linker (/usr/bin/ld) supports shared libraries
configure:13638: result: yes
configure:13656: g++ -c -g -O2  -I/sw/include -I/usr/local/pgsql/include conftest.cpp >&5
configure:13659: $? = 0
configure:13778: checking for g++ option to produce PIC
configure:14052: result: -fno-common
configure:14060: checking if g++ PIC flag -fno-common works
configure:14081: g++ -c -g -O2  -I/sw/include -I/usr/local/pgsql/include -fno-common -DPIC conftest.cpp >&5
configure:14085: $? = 0
configure:14095: result: yes
configure:14123: checking if g++ static flag -static works
configure:14151: result: no
configure:14161: checking if g++ supports -c -o file.o
configure:14185: g++ -c -g -O2  -I/sw/include -I/usr/local/pgsql/include -o out/conftest2.o conftest.cpp >&5
configure:14189: $? = 0
configure:14208: result: yes
configure:14234: checking whether the g++ linker (/usr/bin/ld) supports shared libraries
configure:14259: result: yes
configure:14326: checking dynamic linker characteristics
configure:14914: result: darwin8.10.0 dyld
configure:14923: checking how to hardcode library paths into programs
configure:14948: result: immediate
configure:15474: checking if libtool supports shared libraries
configure:15476: result: yes
configure:15479: checking whether to build shared libraries
configure:15499: result: yes
configure:15502: checking whether to build static libraries
configure:15506: result: yes
configure:15516: checking for g77 option to produce PIC
configure:15726: result: -fno-common
configure:15734: checking if g77 PIC flag -fno-common works
configure:15755: g77 -c -g -O2 -fno-common conftest.f >&5
configure:15759: $? = 0
configure:15769: result: yes
configure:15797: checking if g77 static flag -static works
configure:15825: result: no
configure:15835: checking if g77 supports -c -o file.o
configure:15859: g77 -c -g -O2 -o out/conftest2.o conftest.f >&5
configure:15863: $? = 0
configure:15882: result: yes
configure:15908: checking whether the g77 linker (/usr/bin/ld) supports shared libraries
configure:16874: result: yes
configure:16941: checking dynamic linker characteristics
configure:17529: result: darwin8.10.0 dyld
configure:17538: checking how to hardcode library paths into programs
configure:17563: result: immediate
configure:21165: checking for a BSD-compatible install
configure:21221: result: /usr/bin/install -c
configure:21232: checking whether make sets $(MAKE)
configure:21253: result: yes
configure:21263: checking for ANSI C header files
configure:21441: result: yes
configure:21451: checking for stdbool.h that conforms to C99
configure:21544: gcc -c -g -O2  -I/sw/include -I/usr/local/pgsql/include conftest.c >&5
configure:21550: $? = 0
configure:21557: test -z "$ac_c_werror_flag" || test ! -s conftest.err
configure:21560: $? = 0
configure:21567: test -s conftest.o
configure:21570: $? = 0
configure:21582: result: yes
configure:21584: checking for _Bool
configure:21614: gcc -c -g -O2  -I/sw/include -I/usr/local/pgsql/include conftest.c >&5
configure:21620: $? = 0
configure:21627: test -z "$ac_c_werror_flag" || test ! -s conftest.err
configure:21630: $? = 0
configure:21637: test -s conftest.o
configure:21640: $? = 0
configure:21652: result: yes
configure:21672: checking for inline
configure:21698: gcc -c -g -O2  -I/sw/include -I/usr/local/pgsql/include conftest.c >&5
configure:21704: $? = 0
configure:21711: test -z "$ac_c_werror_flag" || test ! -s conftest.err
configure:21714: $? = 0
configure:21721: test -s conftest.o
configure:21724: $? = 0
configure:21739: result: inline
configure:21758: checking for an ANSI C-conforming const
configure:21833: gcc -c -g -O2  -I/sw/include -I/usr/local/pgsql/include conftest.c >&5
configure:21839: $? = 0
configure:21846: test -z "$ac_c_werror_flag" || test ! -s conftest.err
configure:21849: $? = 0
configure:21856: test -s conftest.o
configure:21859: $? = 0
configure:21871: result: yes
configure:21881: checking whether byte ordering is bigendian
configure:21913: gcc -c -g -O2  -I/sw/include -I/usr/local/pgsql/include conftest.c >&5
configure:21919: $? = 0
configure:21926: test -z "$ac_c_werror_flag" || test ! -s conftest.err
configure:21929: $? = 0
configure:21936: test -s conftest.o
configure:21939: $? = 0
configure:21968: gcc -c -g -O2  -I/sw/include -I/usr/local/pgsql/include conftest.c >&5
configure:21974: $? = 0
configure:21981: test -z "$ac_c_werror_flag" || test ! -s conftest.err
configure:21984: $? = 0
configure:21991: test -s conftest.o
configure:21994: $? = 0
configure:22148: result: yes
configure:22167: checking for preprocessor stringizing operator
configure:22191: result: yes
configure:22239: enabled compiler warnings.
configure:22284: turned compiler warnings into errors.
configure:22349: checking for swig
configure:22367: found /sw/bin/swig
configure:22379: result: /sw/bin/swig
configure:22392: checking for SWIG version
configure:22395: result: 1.3.20
configure:22437: SWIG executable is '/sw/bin/swig'
configure:22440: SWIG library directory is '/sw/lib/swig1.3'
configure:22472: checking for python
configure:22490: found /sw/bin/python
configure:22502: result: /sw/bin/python
configure:22525: checking for python version
configure:22532: result: 2.5
configure:22544: checking for python platform
configure:22551: result: darwin
configure:22558: checking for python script directory
configure:22566: result: ${prefix}/lib/python2.5/site-packages
configure:22575: checking for python extension module directory
configure:22583: result: ${exec_prefix}/lib/python2.5/site-packages
configure:22604: checking for python2.5
configure:22634: result: /sw/bin/python
configure:22652: checking for a version of Python >= '2.1.0'
configure:22687: result: yes
configure:22724: checking for the distutils Python package
configure:22728: result: yes
configure:22746: checking for Python include path
configure:22756: result: -I/sw/include/python2.5
configure:22763: checking for Python library path
configure:22784: result: /sw/lib/python2.5/config/libpython2.5.a
configure:22791: checking for Python site-packages path
configure:22797: result: /sw/lib/python2.5/site-packages
configure:22804: checking python extra libraries
configure:22811: result:  -ldl
configure:22818: checking python extra linking flags
configure:22825: result: -u _PyMac_Error
configure:22832: checking consistency of all components of python development environment
configure:22868: gcc -o conftest  -O2 -Wall -W -Werror  -I/sw/include/python2.5  -I/sw/lib -I/usr/local/pgsql/lib conftest.c  /sw/lib/python2.5/config/libpython2.5.a >&5
/usr/bin/ld: warning weak symbol references not set in output with MACOSX_DEPLOYMENT_TARGET environment variable set to: 10.1
/usr/bin/ld: warning weak referenced symbols:
_fstatvfs
_lchown
_statvfs
configure:22874: $? = 0
configure:22881: test -z "$ac_c_werror_flag" || test ! -s conftest.err
configure:22884: $? = 0
configure:22891: test -s conftest
configure:22894: $? = 0
configure:22907: result: yes
configure:22982: checking for doxygen
configure:23012: result: no
configure:23031: WARNING: doxygen not found. not using doxygen.
configure:23062: Using db2man stylesheet: /sw/share/xml/xsl/docbook-xsl/manpages/docbook.xsl
configure:23310: creating ./config.status

## ---------------------- ##
## Running config.status. ##
## ---------------------- ##

This file was extended by libhid config.status 0.2.16.0.0, which was
generated by GNU Autoconf 2.60.  Invocation command line was

  CONFIG_FILES    = 
  CONFIG_HEADERS  = 
  CONFIG_LINKS    = 
  CONFIG_COMMANDS = 
  $ ./config.status 

on cerevisiae.local

config.status:710: creating Makefile
config.status:710: creating src/Makefile
config.status:710: creating hidparser/Makefile
config.status:710: creating swig/Makefile
config.status:710: creating test/Makefile
config.status:710: creating doc/doxygen.rc
config.status:710: creating doc/Makefile
config.status:710: creating doc/man/Makefile
config.status:710: creating doc/www/Makefile
config.status:710: creating pkgconfig/libhid.pc
config.status:710: creating config.h
config.status:939: config.h is unchanged
config.status:985: executing depfiles commands

## ---------------- ##
## Cache variables. ##
## ---------------- ##

ac_cv_build=powerpc-apple-darwin8.10.0
ac_cv_c_bigendian=yes
ac_cv_c_compiler_gnu=yes
ac_cv_c_const=yes
ac_cv_c_inline=inline
ac_cv_c_stringize=yes
ac_cv_cxx_compiler_gnu=yes
ac_cv_enable_debug=no
ac_cv_enable_gdbdebug=no
ac_cv_enable_pedantic=no
ac_cv_enable_swig=yes
ac_cv_enable_warnings=yes
ac_cv_enable_werror=yes
ac_cv_env_CCC_set=
ac_cv_env_CCC_value=
ac_cv_env_CC_set=
ac_cv_env_CC_value=
ac_cv_env_CFLAGS_set=
ac_cv_env_CFLAGS_value=
ac_cv_env_CPPFLAGS_set=set
ac_cv_env_CPPFLAGS_value=' -I/sw/include -I/usr/local/pgsql/include'
ac_cv_env_CPP_set=
ac_cv_env_CPP_value=
ac_cv_env_CXXCPP_set=
ac_cv_env_CXXCPP_value=
ac_cv_env_CXXFLAGS_set=
ac_cv_env_CXXFLAGS_value=
ac_cv_env_CXX_set=
ac_cv_env_CXX_value=
ac_cv_env_F77_set=
ac_cv_env_F77_value=
ac_cv_env_FFLAGS_set=
ac_cv_env_FFLAGS_value=
ac_cv_env_LDFLAGS_set=set
ac_cv_env_LDFLAGS_value=' -I/sw/lib -I/usr/local/pgsql/lib'
ac_cv_env_PYTHON_VERSION_set=
ac_cv_env_PYTHON_VERSION_value=
ac_cv_env_build_alias_set=
ac_cv_env_build_alias_value=
ac_cv_env_host_alias_set=
ac_cv_env_host_alias_value=
ac_cv_env_target_alias_set=
ac_cv_env_target_alias_value=
ac_cv_f77_compiler_gnu=yes
ac_cv_header_dlfcn_h=yes
ac_cv_header_inttypes_h=yes
ac_cv_header_memory_h=yes
ac_cv_header_stdbool_h=yes
ac_cv_header_stdc=yes
ac_cv_header_stdint_h=yes
ac_cv_header_stdlib_h=yes
ac_cv_header_string_h=yes
ac_cv_header_strings_h=yes
ac_cv_header_sys_stat_h=yes
ac_cv_header_sys_types_h=yes
ac_cv_header_unistd_h=yes
ac_cv_header_usb_h=yes
ac_cv_host=powerpc-apple-darwin8.10.0
ac_cv_objext=o
ac_cv_path_EGREP='/usr/bin/grep -E'
ac_cv_path_GREP=/usr/bin/grep
ac_cv_path_INTLTOOL_PERL=/usr/bin/perl
ac_cv_path_PYTHON=/sw/bin/python
ac_cv_path_SWIG=/sw/bin/swig
ac_cv_path_install='/usr/bin/install -c'
ac_cv_prog_AWK=gawk
ac_cv_prog_CPP='gcc -E'
ac_cv_prog_CXXCPP='g++ -E'
ac_cv_prog_ac_ct_AR=ar
ac_cv_prog_ac_ct_CC=gcc
ac_cv_prog_ac_ct_CXX=g++
ac_cv_prog_ac_ct_F77=g77
ac_cv_prog_ac_ct_RANLIB=ranlib
ac_cv_prog_ac_ct_STRIP=strip
ac_cv_prog_cc_c89=
ac_cv_prog_cc_g=yes
ac_cv_prog_cxx_g=yes
ac_cv_prog_f77_g=yes
ac_cv_prog_make_make_set=yes
ac_cv_type__Bool=yes
ac_cv_use_doxygen=doxygen
am_cv_CC_dependencies_compiler_type=gcc3
am_cv_CXX_dependencies_compiler_type=gcc3
am_cv_python_platform=darwin
am_cv_python_pyexecdir='${exec_prefix}/lib/python2.5/site-packages'
am_cv_python_pythondir='${prefix}/lib/python2.5/site-packages'
am_cv_python_version=2.5
lt_cv_deplibs_check_method=pass_all
lt_cv_file_magic_cmd='$MAGIC_CMD'
lt_cv_file_magic_test_file=
lt_cv_ld_reload_flag=-r
lt_cv_objdir=.libs
lt_cv_path_LD=/usr/bin/ld
lt_cv_path_LDCXX=/usr/bin/ld
lt_cv_path_NM='/usr/bin/nm -p'
lt_cv_path_SED=/usr/bin/sed
lt_cv_prog_compiler_c_o=yes
lt_cv_prog_compiler_c_o_CXX=yes
lt_cv_prog_compiler_c_o_F77=yes
lt_cv_prog_compiler_rtti_exceptions=no
lt_cv_prog_gnu_ld=no
lt_cv_prog_gnu_ldcxx=no
lt_cv_sys_global_symbol_pipe='sed -n -e '\''s/^.*[ 	]\([BCDEGRST][BCDEGRST]*\)[ 	][ 	]*_\([_A-Za-z][_A-Za-z0-9]*\)$/\1 _\2 \2/p'\'''
lt_cv_sys_global_symbol_to_c_name_address='sed -n -e '\''s/^: \([^ ]*\) $/  {\"\1\", (lt_ptr) 0},/p'\'' -e '\''s/^[BCDEGRST] \([^ ]*\) \([^ ]*\)$/  {"\2", (lt_ptr) \&\2},/p'\'''
lt_cv_sys_global_symbol_to_cdecl='sed -n -e '\''s/^. .* \(.*\)$/extern int \1;/p'\'''
lt_cv_sys_max_cmd_len=196608
lt_lt_cv_prog_compiler_c_o='"yes"'
lt_lt_cv_prog_compiler_c_o_CXX='"yes"'
lt_lt_cv_prog_compiler_c_o_F77='"yes"'
lt_lt_cv_sys_global_symbol_pipe='"sed -n -e '\''s/^.*[ 	]\\([BCDEGRST][BCDEGRST]*\\)[ 	][ 	]*_\\([_A-Za-z][_A-Za-z0-9]*\\)\$/\\1 _\\2 \\2/p'\''"'
lt_lt_cv_sys_global_symbol_to_c_name_address='"sed -n -e '\''s/^: \\([^ ]*\\) \$/  {\\\"\\1\\\", (lt_ptr) 0},/p'\'' -e '\''s/^[BCDEGRST] \\([^ ]*\\) \\([^ ]*\\)\$/  {\"\\2\", (lt_ptr) \\&\\2},/p'\''"'
lt_lt_cv_sys_global_symbol_to_cdecl='"sed -n -e '\''s/^. .* \\(.*\\)\$/extern int \\1;/p'\''"'

## ----------------- ##
## Output variables. ##
## ----------------- ##

ACLOCAL='${SHELL} /Users/peter/eyetracking/library/libhid-0.2.16/missing --run aclocal-1.9'
AMDEPBACKSLASH='\'
AMDEP_FALSE='#'
AMDEP_TRUE=''
AMTAR='${SHELL} /Users/peter/eyetracking/library/libhid-0.2.16/missing --run tar'
AR='ar'
AUTOCONF='${SHELL} /Users/peter/eyetracking/library/libhid-0.2.16/missing --run autoconf'
AUTOHEADER='${SHELL} /Users/peter/eyetracking/library/libhid-0.2.16/missing --run autoheader'
AUTOMAKE='${SHELL} /Users/peter/eyetracking/library/libhid-0.2.16/missing --run automake-1.9'
AWK='gawk'
CC='gcc'
CCDEPMODE='depmode=gcc3'
CFLAGS='-I/sw/include -O2 -Wall -W -Werror'
CPP='gcc -E'
CPPFLAGS=''
CXX='g++'
CXXCPP='g++ -E'
CXXDEPMODE='depmode=gcc3'
CXXFLAGS='-O2 -Wall -W -Werror'
CYGPATH_W='echo'
DB2MAN_FILE='/sw/share/xml/xsl/docbook-xsl/manpages/docbook.xsl'
DEFS='-DHAVE_CONFIG_H'
DEPDIR='.deps'
DOXYGEN_FALSE=''
DOXYGEN_TRUE='#'
ECHO='echo'
ECHO_C=''
ECHO_N='-n'
ECHO_T=''
EGREP='/usr/bin/grep -E'
EXEEXT=''
F77='g77'
FFLAGS='-g -O2'
GREP='/usr/bin/grep'
HAVE_DB2MAN_FALSE='#'
HAVE_DB2MAN_TRUE=''
HAVE_SWIG_FALSE='#'
HAVE_SWIG_TRUE=''
HAVE_doxygen=''
INSTALL_DATA='${INSTALL} -m 644'
INSTALL_PROGRAM='${INSTALL}'
INSTALL_SCRIPT='${INSTALL}'
INSTALL_STRIP_PROGRAM='${SHELL} $(install_sh) -c -s'
LDFLAGS='-L/sw/lib -lusb -Wl,-framework -Wl,IOKit -Wl,-framework -Wl,CoreFoundation -Wl,-prebind'
LIBOBJS=''
LIBS=''
LIBTOOL='$(SHELL) $(top_builddir)/libtool'
LIBUSB_CFLAGS='-I/sw/include'
LIBUSB_LIBS='-L/sw/lib -lusb -Wl,-framework -Wl,IOKit -Wl,-framework -Wl,CoreFoundation -Wl,-prebind'
LN_S='ln -s'
LTLIBOBJS=''
LT_AGE='0'
LT_CURRENT='16'
LT_RELEASE='0.2'
LT_REVISION='0'
MAINT='#'
MAINTAINER_MODE_FALSE=''
MAINTAINER_MODE_TRUE='#'
MAKEINFO='${SHELL} /Users/peter/eyetracking/library/libhid-0.2.16/missing --run makeinfo'
MD_BINARY_AGE='0'
MD_INTERFACE_AGE='0'
MD_MAJOR_VERSION='0'
MD_MICRO_VERSION='16'
MD_MINOR_VERSION='2'
MD_VERSION='0.2.16'
OBJEXT='o'
OS_BSD=''
OS_BSD_FALSE=''
OS_BSD_TRUE='#'
OS_CFLAGS=''
OS_DARWIN=''
OS_DARWIN_FALSE='#'
OS_DARWIN_TRUE=''
OS_LDFLAGS=''
OS_LINUX=''
OS_LINUX_FALSE=''
OS_LINUX_TRUE='#'
OS_SOLARIS=''
OS_SOLARIS_FALSE=''
OS_SOLARIS_TRUE='#'
PACKAGE='libhid'
PACKAGE_BUGREPORT='libhid-discuss@lists.alioth.debian.org'
PACKAGE_NAME='libhid'
PACKAGE_STRING='libhid 0.2.16.0.0'
PACKAGE_TARNAME='libhid'
PACKAGE_VERSION='0.2.16.0.0'
PATH_SEPARATOR=':'
PYTHON='/sw/bin/python'
PYTHON_CPPFLAGS='-I/sw/include/python2.5'
PYTHON_EXEC_PREFIX='${exec_prefix}'
PYTHON_EXTRA_LDFLAGS='-u _PyMac_Error'
PYTHON_EXTRA_LIBS=' -ldl'
PYTHON_LDFLAGS='/sw/lib/python2.5/config/libpython2.5.a'
PYTHON_PLATFORM='darwin'
PYTHON_PREFIX='${prefix}'
PYTHON_SITE_PKG='/sw/lib/python2.5/site-packages'
PYTHON_VERSION='2.5'
RANLIB='ranlib'
SET_MAKE=''
SHELL='/bin/sh'
STRIP='strip'
SWIG='/sw/bin/swig'
SWIG_LIB='/sw/lib/swig1.3'
SWIG_PYTHON_CPPFLAGS='-I/sw/include/python2.5'
SWIG_PYTHON_OPT='-python'
VERSION='0.2.16'
ac_ct_CC='gcc'
ac_ct_CXX='g++'
ac_ct_F77='g77'
am__fastdepCC_FALSE='#'
am__fastdepCC_TRUE=''
am__fastdepCXX_FALSE='#'
am__fastdepCXX_TRUE=''
am__include='include'
am__leading_dot='.'
am__quote=''
am__tar='${AMTAR} chof - "$$tardir"'
am__untar='${AMTAR} xf -'
bindir='${exec_prefix}/bin'
build='powerpc-apple-darwin8.10.0'
build_alias=''
build_cpu='powerpc'
build_os='darwin8.10.0'
build_vendor='apple'
datadir='${datarootdir}'
datarootdir='${prefix}/share'
docdir='${datarootdir}/doc/${PACKAGE_TARNAME}'
dvidir='${docdir}'
exec_prefix='${prefix}'
host='powerpc-apple-darwin8.10.0'
host_alias=''
host_cpu='powerpc'
host_os='darwin8.10.0'
host_vendor='apple'
htmldir='${docdir}'
includedir='${prefix}/include'
infodir='${datarootdir}/info'
install_sh='/Users/peter/eyetracking/library/libhid-0.2.16/install-sh'
libdir='${exec_prefix}/lib'
libexecdir='${exec_prefix}/libexec'
localedir='${datarootdir}/locale'
localstatedir='${prefix}/var'
mandir='${datarootdir}/man'
mkdir_p='$(install_sh) -d'
oldincludedir='/usr/include'
pdfdir='${docdir}'
pkgpyexecdir='${pyexecdir}/libhid'
pkgpythondir='${pythondir}/libhid'
prefix='/usr/local'
program_transform_name='s,x,x,'
psdir='${docdir}'
pyexecdir='${exec_prefix}/lib/python2.5/site-packages'
pythondir='${prefix}/lib/python2.5/site-packages'
sbindir='${exec_prefix}/sbin'
sharedstatedir='${prefix}/com'
sysconfdir='${prefix}/etc'
target_alias=''

## ----------- ##
## confdefs.h. ##
## ----------- ##

#define PACKAGE_NAME "libhid"
#define PACKAGE_TARNAME "libhid"
#define PACKAGE_VERSION "0.2.16.0.0"
#define PACKAGE_STRING "libhid 0.2.16.0.0"
#define PACKAGE_BUGREPORT "libhid-discuss@lists.alioth.debian.org"
#define PACKAGE "libhid"
#define VERSION "0.2.16.0.0"
#define MD_VERSION 0.2.16
#define OS_DARWIN
#define STDC_HEADERS 1
#define HAVE_SYS_TYPES_H 1
#define HAVE_SYS_STAT_H 1
#define HAVE_STDLIB_H 1
#define HAVE_STRING_H 1
#define HAVE_MEMORY_H 1
#define HAVE_STRINGS_H 1
#define HAVE_INTTYPES_H 1
#define HAVE_STDINT_H 1
#define HAVE_UNISTD_H 1
#define HAVE_USB_H 1
#define HAVE_DLFCN_H 1
#define STDC_HEADERS 1
#define HAVE__BOOL 1
#define HAVE_STDBOOL_H 1
#define WORDS_BIGENDIAN 1
#define HAVE_STRINGIZE 1

configure: exit 0
